<?xml version="1.0" encoding="UTF-8"?>
<!-- Generated by org.testng.reporters.JUnitXMLReporter -->
<testsuite ignored="0" hostname="Sagar-PC" failures="1" tests="2" name="Test" time="33.457" errors="0" timestamp="2025-05-01T18:01:10 CEST">
  <testcase classname="io.cucumber.testng.AbstractTestNGCucumberTests" name="runScenario" time="16.563"/>
  <testcase classname="io.cucumber.testng.AbstractTestNGCucumberTests" name="runScenario" time="17.642">
    <failure type="java.lang.AssertionError" message="expected [Upgrade] but found [Upgrade1]">
      <![CDATA[java.lang.AssertionError: expected [Upgrade] but found [Upgrade1]
at stefdefs.Dashboard_stepdef.upgrade_button_link_is_displayed(Dashboard_stepdef.java:28)
at âœ½.Upgrade button link is displayed(file:///C:/Users/Sagar/eclipse-workspace/NewCucumberPrjTest/src/test/resources/features/Dashboard.feature:7)
... Removed 6 stack frames]]>
    </failure>
  </testcase> <!-- runScenario -->
</testsuite> <!-- Test -->
