<?xml version="1.0" encoding="UTF-8"?>
<testng-results ignored="0" total="3" passed="2" failed="1" skipped="0">
  <reporter-output>
  </reporter-output>
  <suite started-at="2025-05-03T16:34:17 CEST" name="Default suite" finished-at="2025-05-03T16:35:14 CEST" duration-ms="56581">
    <groups>
      <group name="cucumber">
        <method signature="AbstractTestNGCucumberTests.runScenario(io.cucumber.testng.PickleWrapper,io.cucumber.testng.FeatureWrapper)[pri:0, instance:runner.RunTest@4a8355dd]" name="runScenario" class="io.cucumber.testng.AbstractTestNGCucumberTests"/>
      </group> <!-- cucumber -->
    </groups>
    <test started-at="2025-05-03T16:34:17 CEST" name="Default test" finished-at="2025-05-03T16:35:14 CEST" duration-ms="56581">
      <class name="runner.RunTest">
        <test-method is-config="true" signature="setUpClass(org.testng.ITestContext)[pri:0, instance:runner.RunTest@4a8355dd]" started-at="2025-05-03T16:34:17 CEST" name="setUpClass" finished-at="2025-05-03T16:34:20 CEST" duration-ms="2480" status="PASS">
          <params>
            <param index="0">
              <value>
                <![CDATA[org.testng.TestRunner@56b8aaf1]]>
              </value>
            </param>
          </params>
          <reporter-output>
          </reporter-output>
        </test-method> <!-- setUpClass -->
        <test-method signature="runScenario(io.cucumber.testng.PickleWrapper,io.cucumber.testng.FeatureWrapper)[pri:0, instance:runner.RunTest@4a8355dd]" started-at="2025-05-03T16:34:20 CEST" name="runScenario" description="Runs Cucumber Scenarios" data-provider="scenarios" finished-at="2025-05-03T16:35:00 CEST" duration-ms="40152" status="PASS">
          <params>
            <param index="0">
              <value>
                <![CDATA["Verify upgrade link is displayed on home page"]]>
              </value>
            </param>
            <param index="1">
              <value>
                <![CDATA["verify upgrade link"]]>
              </value>
            </param>
          </params>
          <reporter-output>
          </reporter-output>
        </test-method> <!-- runScenario -->
        <test-method signature="runScenario(io.cucumber.testng.PickleWrapper,io.cucumber.testng.FeatureWrapper)[pri:0, instance:runner.RunTest@4a8355dd]" started-at="2025-05-03T16:34:20 CEST" name="runScenario" description="Runs Cucumber Scenarios" data-provider="scenarios" finished-at="2025-05-03T16:35:02 CEST" duration-ms="42323" status="PASS">
          <params>
            <param index="0">
              <value>
                <![CDATA["valid login"]]>
              </value>
            </param>
            <param index="1">
              <value>
                <![CDATA["Login"]]>
              </value>
            </param>
          </params>
          <reporter-output>
          </reporter-output>
        </test-method> <!-- runScenario -->
        <test-method signature="runScenario(io.cucumber.testng.PickleWrapper,io.cucumber.testng.FeatureWrapper)[pri:0, instance:runner.RunTest@4a8355dd]" started-at="2025-05-03T16:34:20 CEST" name="runScenario" description="Runs Cucumber Scenarios" data-provider="scenarios" finished-at="2025-05-03T16:35:03 CEST" duration-ms="43302" status="FAIL">
          <params>
            <param index="0">
              <value>
                <![CDATA["Verify menu list on home page"]]>
              </value>
            </param>
            <param index="1">
              <value>
                <![CDATA["verify upgrade link"]]>
              </value>
            </param>
          </params>
          <exception class="java.lang.AssertionError">
            <message>
              <![CDATA[expected [true] but found [false]]]>
            </message>
            <full-stacktrace>
              <![CDATA[java.lang.AssertionError: expected [true] but found [false]
at org.testng.Assert.fail(Assert.java:111)
at org.testng.Assert.failNotEquals(Assert.java:1578)
at org.testng.Assert.assertTrue(Assert.java:57)
at org.testng.Assert.assertTrue(Assert.java:67)
at stefdefs.Dashboard_stepdef.menu_list_is_displayed(Dashboard_stepdef.java:40)
at âœ½.menu list is displayed(file:///C:/Users/Sagar/eclipse-workspace/NewCucumberPrjTest/src/test/resources/features/Dashboard.feature:10)
]]>
            </full-stacktrace>
          </exception> <!-- java.lang.AssertionError -->
          <reporter-output>
          </reporter-output>
        </test-method> <!-- runScenario -->
        <test-method is-config="true" signature="tearDownClass()[pri:0, instance:runner.RunTest@4a8355dd]" started-at="2025-05-03T16:35:03 CEST" name="tearDownClass" finished-at="2025-05-03T16:35:14 CEST" duration-ms="10601" status="PASS">
          <reporter-output>
          </reporter-output>
        </test-method> <!-- tearDownClass -->
      </class> <!-- runner.RunTest -->
    </test> <!-- Default test -->
  </suite> <!-- Default suite -->
</testng-results>
