<?xml version="1.0" encoding="UTF-8"?>
<!-- Generated by org.testng.reporters.JUnitReportReporter -->
<testsuite hostname="Sagar-PC" failures="1" tests="3" name="runner.RunTest" time="125.777" errors="0" timestamp="2025-05-03T16:35:14 CEST" skipped="0">
  <testcase classname="runner.RunTest" name="runScenario" time="42.323"/>
  <testcase classname="runner.RunTest" name="runScenario" time="43.302">
    <failure message="expected [true] but found [false]" type="java.lang.AssertionError">
      <![CDATA[java.lang.AssertionError: expected [true] but found [false]
at org.testng.Assert.fail(Assert.java:111)
at org.testng.Assert.failNotEquals(Assert.java:1578)
at org.testng.Assert.assertTrue(Assert.java:57)
at org.testng.Assert.assertTrue(Assert.java:67)
at stefdefs.Dashboard_stepdef.menu_list_is_displayed(Dashboard_stepdef.java:40)
at âœ½.menu list is displayed(file:///C:/Users/Sagar/eclipse-workspace/NewCucumberPrjTest/src/test/resources/features/Dashboard.feature:10)
]]>
    </failure>
  </testcase> <!-- runScenario -->
  <testcase classname="runner.RunTest" name="runScenario" time="40.152"/>
</testsuite> <!-- runner.RunTest -->
